<?xml version="1.0" encoding="UTF-8"?>
<!-- Generated by org.testng.reporters.JUnitReportReporter -->
<testsuite hostname="AAS" failures="0" tests="1" name="Academy.AppTest" time="0.031" errors="0" timestamp="24 Sep 2021 11:26:29 GMT">
  <testcase classname="Academy.AppTest" name="shouldAnswerWithTrue" time="0.031"/>
</testsuite> <!-- Academy.AppTest -->
