<?xml version="1.0" encoding="UTF-8"?>
<!-- Generated by org.testng.reporters.JUnitReportReporter -->
<testsuite hostname="AAS" failures="0" tests="1" name="CucumberOptions.TestRunner" time="6.595" errors="0" timestamp="1 Oct 2021 07:04:00 GMT">
  <testcase classname="CucumberOptions.TestRunner" name="feature" time="6.595"/>
</testsuite> <!-- CucumberOptions.TestRunner -->
