<?xml version="1.0" encoding="UTF-8"?>
<!-- Generated by org.testng.reporters.JUnitReportReporter -->
<testsuite hostname="AAS" failures="0" tests="1" name="Academy.ValidationMenu" time="0.103" errors="0" timestamp="24 Sep 2021 11:26:28 GMT">
  <testcase classname="Academy.ValidationMenu" name="basePageNavigation" time="0.103"/>
</testsuite> <!-- Academy.ValidationMenu -->
