<?xml version="1.0" encoding="UTF-8"?>
<!-- Generated by org.testng.reporters.JUnitReportReporter -->
<testsuite hostname="AAS" failures="0" tests="2" name="Academy.HomePage" time="11.801" errors="0" timestamp="24 Sep 2021 11:26:28 GMT">
  <testcase classname="Academy.HomePage" name="basePageNavigation" time="2.601"/>
  <testcase classname="Academy.HomePage" name="basePageNavigation" time="9.200"/>
</testsuite> <!-- Academy.HomePage -->
