<?xml version="1.0" encoding="UTF-8"?>
<!-- Generated by org.testng.reporters.JUnitReportReporter -->
<testsuite hostname="AAS" failures="0" tests="2" name="Academy.HomePage" time="13.290" errors="0" timestamp="25 Sep 2021 05:52:44 GMT">
  <testcase classname="Academy.HomePage" name="basePageNavigation" time="10.420"/>
  <testcase classname="Academy.HomePage" name="basePageNavigation" time="2.870"/>
</testsuite> <!-- Academy.HomePage -->
