<?xml version="1.0" encoding="UTF-8"?>
<!-- Generated by org.testng.reporters.JUnitReportReporter -->
<testsuite hostname="AAS" failures="0" tests="2" name="CucumberOptions.TestRunner" time="12.697" errors="0" timestamp="1 Oct 2021 07:29:06 GMT">
  <testcase classname="CucumberOptions.TestRunner" name="feature" time="6.909"/>
  <testcase classname="CucumberOptions.TestRunner" name="feature" time="5.788"/>
</testsuite> <!-- CucumberOptions.TestRunner -->
