<?xml version="1.0" encoding="UTF-8"?>
<!-- Generated by org.testng.reporters.JUnitReportReporter -->
<testsuite hostname="AAS" failures="0" tests="1" name="Academy.ValidationMenu" time="0.131" errors="0" timestamp="25 Sep 2021 05:52:44 GMT">
  <testcase classname="Academy.ValidationMenu" name="basePageNavigation" time="0.131"/>
</testsuite> <!-- Academy.ValidationMenu -->
