<?xml version="1.0" encoding="UTF-8"?>
<!-- Generated by org.testng.reporters.JUnitReportReporter -->
<testsuite hostname="AAS" failures="0" tests="1" name="Academy.AppTest" time="0.018" errors="0" timestamp="25 Sep 2021 05:52:44 GMT">
  <testcase classname="Academy.AppTest" name="shouldAnswerWithTrue" time="0.018"/>
</testsuite> <!-- Academy.AppTest -->
